[debug] [2023-03-31T07:06:36.101Z] ----------------------------------------------------------------------
[debug] [2023-03-31T07:06:36.103Z] Command:       C:\Program Files\nodejs\node.exe C:\Users\usman\AppData\Roaming\npm\node_modules\firebase-tools\lib\bin\firebase.js init
[debug] [2023-03-31T07:06:36.104Z] CLI Version:   11.25.2
[debug] [2023-03-31T07:06:36.104Z] Platform:      win32
[debug] [2023-03-31T07:06:36.104Z] Node Version:  v18.15.0
[debug] [2023-03-31T07:06:36.106Z] Time:          Fri Mar 31 2023 00:06:36 GMT-0700 (Pacific Daylight Time)
[debug] [2023-03-31T07:06:36.106Z] ----------------------------------------------------------------------
[debug] 
[debug] [2023-03-31T07:06:36.114Z] > command requires scopes: ["email","openid","https://www.googleapis.com/auth/cloudplatformprojects.readonly","https://www.googleapis.com/auth/firebase","https://www.googleapis.com/auth/cloud-platform"]
[debug] [2023-03-31T07:06:36.115Z] > authorizing via signed-in user (usman853136@gmail.com)
[info] 
     ######## #### ########  ######## ########     ###     ######  ########
     ##        ##  ##     ## ##       ##     ##  ##   ##  ##       ##
     ######    ##  ########  ######   ########  #########  ######  ######
     ##        ##  ##    ##  ##       ##     ## ##     ##       ## ##
     ##       #### ##     ## ######## ########  ##     ##  ######  ########

You're about to initialize a Firebase project in this directory:

  K:\Food App\FoodApp

[info] 
=== Project Setup
[info] 
[info] First, let's associate this project directory with a Firebase project.
[info] You can create multiple project aliases by running firebase use --add, 
[info] but for now we'll just set up a default project.
[info] 
[debug] [2023-03-31T07:07:22.973Z] >>> [apiv2][query] GET https://firebase.googleapis.com/v1beta1/projects pageSize=100
[debug] [2023-03-31T07:07:24.012Z] <<< [apiv2][status] GET https://firebase.googleapis.com/v1beta1/projects 200
[debug] [2023-03-31T07:07:24.012Z] <<< [apiv2][body] GET https://firebase.googleapis.com/v1beta1/projects [omitted]
[info] i  Using project eatingout-app (food app) 
[info] 
=== Database Setup
[info] i  database: ensuring required API firebasedatabase.googleapis.com is enabled... 
[debug] [2023-03-31T07:07:33.385Z] >>> [apiv2][query] GET https://serviceusage.googleapis.com/v1/projects/eatingout-app/services/firebasedatabase.googleapis.com [none]
[debug] [2023-03-31T07:07:33.385Z] >>> [apiv2][(partial)header] GET https://serviceusage.googleapis.com/v1/projects/eatingout-app/services/firebasedatabase.googleapis.com x-goog-quota-user=projects/eatingout-app
[debug] [2023-03-31T07:07:35.380Z] <<< [apiv2][status] GET https://serviceusage.googleapis.com/v1/projects/eatingout-app/services/firebasedatabase.googleapis.com 200
[debug] [2023-03-31T07:07:35.380Z] <<< [apiv2][body] GET https://serviceusage.googleapis.com/v1/projects/eatingout-app/services/firebasedatabase.googleapis.com [omitted]
[info] +  database: required API firebasedatabase.googleapis.com is enabled 
[info] 
[debug] [2023-03-31T07:07:35.383Z] >>> [apiv2][query] GET https://firebasedatabase.googleapis.com/v1beta/projects/eatingout-app/locations/-/instances/eatingout-app-default-rtdb [none]
[debug] [2023-03-31T07:07:36.257Z] <<< [apiv2][status] GET https://firebasedatabase.googleapis.com/v1beta/projects/eatingout-app/locations/-/instances/eatingout-app-default-rtdb 200
[debug] [2023-03-31T07:07:36.258Z] <<< [apiv2][body] GET https://firebasedatabase.googleapis.com/v1beta/projects/eatingout-app/locations/-/instances/eatingout-app-default-rtdb {"name":"projects/279379528137/locations/us-central1/instances/eatingout-app-default-rtdb","project":"projects/279379528137","databaseUrl":"https://eatingout-app-default-rtdb.firebaseio.com","type":"DEFAULT_DATABASE","state":"ACTIVE"}
[info] 
[info] Firebase Realtime Database Security Rules allow you to define how your data should be
[info] structured and when your data can be read from and written to.
[info] 
[debug] [2023-03-31T07:10:22.049Z] >>> [apiv2][query] GET https://eatingout-app-default-rtdb.firebaseio.com/.settings/rules.json [none]
[debug] [2023-03-31T07:10:23.627Z] <<< [apiv2][status] GET https://eatingout-app-default-rtdb.firebaseio.com/.settings/rules.json 200
[debug] [2023-03-31T07:10:23.627Z] <<< [apiv2][body] GET https://eatingout-app-default-rtdb.firebaseio.com/.settings/rules.json [stream]
[info] +  Database Rules for eatingout-app-default-rtdb have been written to a. 
[info] Future modifications to a will update Realtime Database Security Rules when you run
[info] firebase deploy.
[info] 
=== Firestore Setup
[debug] [2023-03-31T07:10:23.634Z] >>> [apiv2][query] GET https://serviceusage.googleapis.com/v1/projects/eatingout-app/services/firestore.googleapis.com [none]
[debug] [2023-03-31T07:10:23.634Z] >>> [apiv2][(partial)header] GET https://serviceusage.googleapis.com/v1/projects/eatingout-app/services/firestore.googleapis.com x-goog-quota-user=projects/eatingout-app
[debug] [2023-03-31T07:10:25.337Z] <<< [apiv2][status] GET https://serviceusage.googleapis.com/v1/projects/eatingout-app/services/firestore.googleapis.com 200
[debug] [2023-03-31T07:10:25.338Z] <<< [apiv2][body] GET https://serviceusage.googleapis.com/v1/projects/eatingout-app/services/firestore.googleapis.com [omitted]
[debug] [2023-03-31T07:10:25.338Z] >>> [apiv2][query] GET https://firestore.googleapis.com/v1/projects/eatingout-app/databases/(default) [none]
[debug] [2023-03-31T07:10:28.749Z] <<< [apiv2][status] GET https://firestore.googleapis.com/v1/projects/eatingout-app/databases/(default) 200
[debug] [2023-03-31T07:10:28.751Z] <<< [apiv2][body] GET https://firestore.googleapis.com/v1/projects/eatingout-app/databases/(default) {"name":"projects/eatingout-app/databases/(default)","uid":"a7fa8af8-43ff-4623-8bfe-6a3527a1cd9a","createTime":"2023-03-14T05:05:00.863235Z","updateTime":"2023-03-14T05:05:00.863235Z","locationId":"asia-south1","type":"FIRESTORE_NATIVE","concurrencyMode":"PESSIMISTIC","appEngineIntegrationMode":"DISABLED","keyPrefix":"j","deleteProtectionState":"DELETE_PROTECTION_DISABLED","etag":"ILLumLvOhf4CMLe4rZ+e5f0C"}
[debug] [2023-03-31T07:10:28.751Z] database_type: FIRESTORE_NATIVE
[debug] [2023-03-31T07:10:28.752Z] > command requires scopes: ["email","openid","https://www.googleapis.com/auth/cloudplatformprojects.readonly","https://www.googleapis.com/auth/firebase","https://www.googleapis.com/auth/cloud-platform"]
[debug] [2023-03-31T07:10:28.753Z] > authorizing via signed-in user (usman853136@gmail.com)
[debug] [2023-03-31T07:10:28.753Z] [iam] checking project eatingout-app for permissions ["firebase.projects.get"]
[debug] [2023-03-31T07:10:28.754Z] >>> [apiv2][query] POST https://cloudresourcemanager.googleapis.com/v1/projects/eatingout-app:testIamPermissions [none]
[debug] [2023-03-31T07:10:28.754Z] >>> [apiv2][(partial)header] POST https://cloudresourcemanager.googleapis.com/v1/projects/eatingout-app:testIamPermissions x-goog-quota-user=projects/eatingout-app
[debug] [2023-03-31T07:10:28.755Z] >>> [apiv2][body] POST https://cloudresourcemanager.googleapis.com/v1/projects/eatingout-app:testIamPermissions {"permissions":["firebase.projects.get"]}
[debug] [2023-03-31T07:10:30.581Z] <<< [apiv2][status] POST https://cloudresourcemanager.googleapis.com/v1/projects/eatingout-app:testIamPermissions 200
[debug] [2023-03-31T07:10:30.581Z] <<< [apiv2][body] POST https://cloudresourcemanager.googleapis.com/v1/projects/eatingout-app:testIamPermissions {"permissions":["firebase.projects.get"]}
[info] 
[info] Firestore Security Rules allow you to define how and when to allow
[info] requests. You can keep these rules in your project directory
[info] and publish them with firebase deploy.
[info] 
[info] 
[info] Firestore indexes allow you to perform complex queries while
[info] maintaining performance that scales with the size of the result
[info] set. You can keep index definitions in your project directory
[info] and publish them with firebase deploy.
[info] 
[debug] [2023-03-31T07:10:51.353Z] >>> [apiv2][query] GET https://firestore.googleapis.com/v1/projects/eatingout-app/databases/(default)/collectionGroups/-/indexes [none]
[debug] [2023-03-31T07:10:51.355Z] >>> [apiv2][query] GET https://firestore.googleapis.com/v1/projects/eatingout-app/databases/(default)/collectionGroups/-/fields?filter=indexConfig.usesAncestorConfig=false OR ttlConfig:* [none]
[debug] [2023-03-31T07:10:54.626Z] <<< [apiv2][status] GET https://firestore.googleapis.com/v1/projects/eatingout-app/databases/(default)/collectionGroups/-/indexes 200
[debug] [2023-03-31T07:10:54.626Z] <<< [apiv2][body] GET https://firestore.googleapis.com/v1/projects/eatingout-app/databases/(default)/collectionGroups/-/indexes {}
[debug] [2023-03-31T07:10:54.631Z] <<< [apiv2][status] GET https://firestore.googleapis.com/v1/projects/eatingout-app/databases/(default)/collectionGroups/-/fields?filter=indexConfig.usesAncestorConfig=false OR ttlConfig:* 200
[debug] [2023-03-31T07:10:54.631Z] <<< [apiv2][body] GET https://firestore.googleapis.com/v1/projects/eatingout-app/databases/(default)/collectionGroups/-/fields?filter=indexConfig.usesAncestorConfig=false OR ttlConfig:* {"fields":[{"name":"projects/eatingout-app/databases/(default)/collectionGroups/__default__/fields/*","indexConfig":{"indexes":[{"queryScope":"COLLECTION","fields":[{"fieldPath":"*","order":"ASCENDING"}],"state":"READY"},{"queryScope":"COLLECTION","fields":[{"fieldPath":"*","order":"DESCENDING"}],"state":"READY"},{"queryScope":"COLLECTION","fields":[{"fieldPath":"*","arrayConfig":"CONTAINS"}],"state":"READY"}]}}]}
[info] 
=== Functions Setup
[debug] [2023-03-31T07:10:54.634Z] > command requires scopes: ["email","openid","https://www.googleapis.com/auth/cloudplatformprojects.readonly","https://www.googleapis.com/auth/firebase","https://www.googleapis.com/auth/cloud-platform"]
[debug] [2023-03-31T07:10:54.635Z] > authorizing via signed-in user (usman853136@gmail.com)
[debug] [2023-03-31T07:10:54.635Z] [iam] checking project eatingout-app for permissions ["firebase.projects.get"]
[debug] [2023-03-31T07:10:54.636Z] >>> [apiv2][query] POST https://cloudresourcemanager.googleapis.com/v1/projects/eatingout-app:testIamPermissions [none]
[debug] [2023-03-31T07:10:54.636Z] >>> [apiv2][(partial)header] POST https://cloudresourcemanager.googleapis.com/v1/projects/eatingout-app:testIamPermissions x-goog-quota-user=projects/eatingout-app
[debug] [2023-03-31T07:10:54.636Z] >>> [apiv2][body] POST https://cloudresourcemanager.googleapis.com/v1/projects/eatingout-app:testIamPermissions {"permissions":["firebase.projects.get"]}
[debug] [2023-03-31T07:10:56.269Z] <<< [apiv2][status] POST https://cloudresourcemanager.googleapis.com/v1/projects/eatingout-app:testIamPermissions 200
[debug] [2023-03-31T07:10:56.269Z] <<< [apiv2][body] POST https://cloudresourcemanager.googleapis.com/v1/projects/eatingout-app:testIamPermissions {"permissions":["firebase.projects.get"]}
[debug] [2023-03-31T07:10:56.270Z] >>> [apiv2][query] GET https://serviceusage.googleapis.com/v1/projects/eatingout-app/services/cloudfunctions.googleapis.com [none]
[debug] [2023-03-31T07:10:56.270Z] >>> [apiv2][(partial)header] GET https://serviceusage.googleapis.com/v1/projects/eatingout-app/services/cloudfunctions.googleapis.com x-goog-quota-user=projects/eatingout-app
[debug] [2023-03-31T07:10:56.275Z] >>> [apiv2][query] GET https://serviceusage.googleapis.com/v1/projects/eatingout-app/services/runtimeconfig.googleapis.com [none]
[debug] [2023-03-31T07:10:56.275Z] >>> [apiv2][(partial)header] GET https://serviceusage.googleapis.com/v1/projects/eatingout-app/services/runtimeconfig.googleapis.com x-goog-quota-user=projects/eatingout-app
[debug] [2023-03-31T07:10:58.196Z] <<< [apiv2][status] GET https://serviceusage.googleapis.com/v1/projects/eatingout-app/services/cloudfunctions.googleapis.com 200
[debug] [2023-03-31T07:10:58.196Z] <<< [apiv2][body] GET https://serviceusage.googleapis.com/v1/projects/eatingout-app/services/cloudfunctions.googleapis.com [omitted]
[debug] [2023-03-31T07:10:58.197Z] >>> [apiv2][query] POST https://serviceusage.googleapis.com/v1/projects/eatingout-app/services/cloudfunctions.googleapis.com:enable [none]
[debug] [2023-03-31T07:10:58.198Z] >>> [apiv2][(partial)header] POST https://serviceusage.googleapis.com/v1/projects/eatingout-app/services/cloudfunctions.googleapis.com:enable x-goog-quota-user=projects/eatingout-app
[debug] [2023-03-31T07:10:58.203Z] <<< [apiv2][status] GET https://serviceusage.googleapis.com/v1/projects/eatingout-app/services/runtimeconfig.googleapis.com 200
[debug] [2023-03-31T07:10:58.203Z] <<< [apiv2][body] GET https://serviceusage.googleapis.com/v1/projects/eatingout-app/services/runtimeconfig.googleapis.com [omitted]
[debug] [2023-03-31T07:11:00.583Z] <<< [apiv2][status] POST https://serviceusage.googleapis.com/v1/projects/eatingout-app/services/cloudfunctions.googleapis.com:enable 200
[debug] [2023-03-31T07:11:00.583Z] <<< [apiv2][body] POST https://serviceusage.googleapis.com/v1/projects/eatingout-app/services/cloudfunctions.googleapis.com:enable [omitted]
[debug] [2023-03-31T07:11:10.587Z] >>> [apiv2][query] GET https://serviceusage.googleapis.com/v1/projects/eatingout-app/services/cloudfunctions.googleapis.com [none]
[debug] [2023-03-31T07:11:10.588Z] >>> [apiv2][(partial)header] GET https://serviceusage.googleapis.com/v1/projects/eatingout-app/services/cloudfunctions.googleapis.com x-goog-quota-user=projects/eatingout-app
[debug] [2023-03-31T07:11:12.285Z] <<< [apiv2][status] GET https://serviceusage.googleapis.com/v1/projects/eatingout-app/services/cloudfunctions.googleapis.com 200
[debug] [2023-03-31T07:11:12.286Z] <<< [apiv2][body] GET https://serviceusage.googleapis.com/v1/projects/eatingout-app/services/cloudfunctions.googleapis.com [omitted]
[info] Let's create a new codebase for your functions.
[info] A directory corresponding to the codebase will be created in your project
[info] with sample code pre-configured.

[info] See https://firebase.google.com/docs/functions/organize-functions for
[info] more information on organizing your functions using codebases.

[info] Functions can be deployed with firebase deploy.

